# JRE version: OpenJDK Runtime Environment (8.0_202-b03) (build 1.8.0_202-release-1483-b03)
# Java VM: OpenJDK 64-Bit Server VM (25.202-b03 mixed mode windows-amd64 compressed oops)
Heap:
 PSYoungGen      total 214528K, used 51768K [0x00000000d5580000, 0x00000000e7500000, 0x0000000100000000)
  eden space 162304K, 30% used [0x00000000d5580000,0x00000000d85da968,0x00000000df400000)
  from space 52224K, 4% used [0x00000000e3000000,0x00000000e3233a70,0x00000000e6300000)
  to   space 61440K, 0% used [0x00000000df400000,0x00000000df400000,0x00000000e3000000)
 ParOldGen       total 343040K, used 205118K [0x0000000080000000, 0x0000000094f00000, 0x00000000d5580000)
  object space 343040K, 59% used [0x0000000080000000,0x000000008c84fb60,0x0000000094f00000)
 Metaspace       used 73675K, capacity 75680K, committed 76504K, reserved 1116160K
  class space    used 9316K, capacity 9779K, committed 9944K, reserved 1048576K
GC Heap History (10 events):
Event: 2944.348 GC heap before
{Heap before GC invocations=31 (full 4):
 PSYoungGen      total 214528K, used 213754K [0x00000000d5580000, 0x00000000e7500000, 0x0000000100000000)
  eden space 162304K, 100% used [0x00000000d5580000,0x00000000df400000,0x00000000df400000)
  from space 52224K, 98% used [0x00000000e3000000,0x00000000e623eb68,0x00000000e6300000)
  to   space 61440K, 0% used [0x00000000df400000,0x00000000df400000,0x00000000e3000000)
 ParOldGen       total 245760K, used 199904K [0x0000000080000000, 0x000000008f000000, 0x00000000d5580000)
  object space 245760K, 81% used [0x0000000080000000,0x000000008c338360,0x000000008f000000)
 Metaspace       used 70366K, capacity 72324K, committed 73304K, reserved 1114112K
  class space    used 8937K, capacity 9379K, committed 9560K, reserved 1048576K
Event: 2944.439 GC heap after
Heap after GC invocations=31 (full 4):
 PSYoungGen      total 223744K, used 41606K [0x00000000d5580000, 0x00000000e7500000, 0x0000000100000000)
  eden space 162304K, 0% used [0x00000000d5580000,0x00000000d5580000,0x00000000df400000)
  from space 61440K, 67% used [0x00000000df400000,0x00000000e1ca1820,0x00000000e3000000)
  to   space 52224K, 0% used [0x00000000e3000000,0x00000000e3000000,0x00000000e6300000)
 ParOldGen       total 313344K, used 299807K [0x0000000080000000, 0x0000000093200000, 0x00000000d5580000)
  object space 313344K, 95% used [0x0000000080000000,0x00000000924c7ee0,0x0000000093200000)
 Metaspace       used 70366K, capacity 72324K, committed 73304K, reserved 1114112K
  class space    used 8937K, capacity 9379K, committed 9560K, reserved 1048576K
}
Event: 2944.440 GC heap before
{Heap before GC invocations=32 (full 5):
 PSYoungGen      total 223744K, used 41606K [0x00000000d5580000, 0x00000000e7500000, 0x0000000100000000)
  eden space 162304K, 0% used [0x00000000d5580000,0x00000000d5580000,0x00000000df400000)
  from space 61440K, 67% used [0x00000000df400000,0x00000000e1ca1820,0x00000000e3000000)
  to   space 52224K, 0% used [0x00000000e3000000,0x00000000e3000000,0x00000000e6300000)
 ParOldGen       total 313344K, used 299807K [0x0000000080000000, 0x0000000093200000, 0x00000000d5580000)
  object space 313344K, 95% used [0x0000000080000000,0x00000000924c7ee0,0x0000000093200000)
 Metaspace       used 70366K, capacity 72324K, committed 73304K, reserved 1114112K
  class space    used 8937K, capacity 9379K, committed 9560K, reserved 1048576K
Event: 2944.791 GC heap after
Heap after GC invocations=32 (full 5):
 PSYoungGen      total 223744K, used 0K [0x00000000d5580000, 0x00000000e7500000, 0x0000000100000000)
  eden space 162304K, 0% used [0x00000000d5580000,0x00000000d5580000,0x00000000df400000)
  from space 61440K, 0% used [0x00000000df400000,0x00000000df400000,0x00000000e3000000)
  to   space 52224K, 0% used [0x00000000e3000000,0x00000000e3000000,0x00000000e6300000)
 ParOldGen       total 343040K, used 152899K [0x0000000080000000, 0x0000000094f00000, 0x00000000d5580000)
  object space 343040K, 44% used [0x0000000080000000,0x0000000089550c38,0x0000000094f00000)
 Metaspace       used 70366K, capacity 72324K, committed 73304K, reserved 1114112K
  class space    used 8937K, capacity 9379K, committed 9560K, reserved 1048576K
}
Event: 2946.431 GC heap before
{Heap before GC invocations=33 (full 5):
 PSYoungGen      total 223744K, used 162304K [0x00000000d5580000, 0x00000000e7500000, 0x0000000100000000)
  eden space 162304K, 100% used [0x00000000d5580000,0x00000000df400000,0x00000000df400000)
  from space 61440K, 0% used [0x00000000df400000,0x00000000df400000,0x00000000e3000000)
  to   space 52224K, 0% used [0x00000000e3000000,0x00000000e3000000,0x00000000e6300000)
 ParOldGen       total 343040K, used 152944K [0x0000000080000000, 0x0000000094f00000, 0x00000000d5580000)
  object space 343040K, 44% used [0x0000000080000000,0x000000008955c078,0x0000000094f00000)
 Metaspace       used 70410K, capacity 72324K, committed 73304K, reserved 1114112K
  class space    used 8938K, capacity 9379K, committed 9560K, reserved 1048576K
Event: 2946.473 GC heap after
Heap after GC invocations=33 (full 5):
 PSYoungGen      total 214528K, used 47447K [0x00000000d5580000, 0x00000000e7500000, 0x0000000100000000)
  eden space 162304K, 0% used [0x00000000d5580000,0x00000000d5580000,0x00000000df400000)
  from space 52224K, 90% used [0x00000000e3000000,0x00000000e5e55e68,0x00000000e6300000)
  to   space 61440K, 0% used [0x00000000df400000,0x00000000df400000,0x00000000e3000000)
 ParOldGen       total 343040K, used 204152K [0x0000000080000000, 0x0000000094f00000, 0x00000000d5580000)
  object space 343040K, 59% used [0x0000000080000000,0x000000008c75e0b8,0x0000000094f00000)
 Metaspace       used 70410K, capacity 72324K, committed 73304K, reserved 1114112K
  class space    used 8938K, capacity 9379K, committed 9560K, reserved 1048576K
}
Event: 2949.529 GC heap before
{Heap before GC invocations=34 (full 5):
 PSYoungGen      total 214528K, used 209751K [0x00000000d5580000, 0x00000000e7500000, 0x0000000100000000)
  eden space 162304K, 100% used [0x00000000d5580000,0x00000000df400000,0x00000000df400000)
  from space 52224K, 90% used [0x00000000e3000000,0x00000000e5e55e68,0x00000000e6300000)
  to   space 61440K, 0% used [0x00000000df400000,0x00000000df400000,0x00000000e3000000)
 ParOldGen       total 343040K, used 204198K [0x0000000080000000, 0x0000000094f00000, 0x00000000d5580000)
  object space 343040K, 59% used [0x0000000080000000,0x000000008c769a50,0x0000000094f00000)
 Metaspace       used 72569K, capacity 74508K, committed 75480K, reserved 1114112K
  class space    used 9248K, capacity 9701K, committed 9944K, reserved 1048576K
Event: 2949.537 GC heap after
Heap after GC invocations=34 (full 5):
 PSYoungGen      total 223744K, used 2209K [0x00000000d5580000, 0x00000000e7500000, 0x0000000100000000)
  eden space 162304K, 0% used [0x00000000d5580000,0x00000000d5580000,0x00000000df400000)
  from space 61440K, 3% used [0x00000000df400000,0x00000000df628448,0x00000000e3000000)
  to   space 52224K, 0% used [0x00000000e3000000,0x00000000e3000000,0x00000000e6300000)
 ParOldGen       total 343040K, used 204286K [0x0000000080000000, 0x0000000094f00000, 0x00000000d5580000)
  object space 343040K, 59% used [0x0000000080000000,0x000000008c77fa50,0x0000000094f00000)
 Metaspace       used 72569K, capacity 74508K, committed 75480K, reserved 1114112K
  class space    used 9248K, capacity 9701K, committed 9944K, reserved 1048576K
}
Event: 2953.003 GC heap before
{Heap before GC invocations=35 (full 5):
 PSYoungGen      total 223744K, used 164513K [0x00000000d5580000, 0x00000000e7500000, 0x0000000100000000)
  eden space 162304K, 100% used [0x00000000d5580000,0x00000000df400000,0x00000000df400000)
  from space 61440K, 3% used [0x00000000df400000,0x00000000df628448,0x00000000e3000000)
  to   space 52224K, 0% used [0x00000000e3000000,0x00000000e3000000,0x00000000e6300000)
 ParOldGen       total 343040K, used 204286K [0x0000000080000000, 0x0000000094f00000, 0x00000000d5580000)
  object space 343040K, 59% used [0x0000000080000000,0x000000008c77fa50,0x0000000094f00000)
 Metaspace       used 73448K, capacity 75390K, committed 76248K, reserved 1116160K
  class space    used 9288K, capacity 9736K, committed 9944K, reserved 1048576K
Event: 2953.011 GC heap after
Heap after GC invocations=35 (full 5):
 PSYoungGen      total 214528K, used 2254K [0x00000000d5580000, 0x00000000e7500000, 0x0000000100000000)
  eden space 162304K, 0% used [0x00000000d5580000,0x00000000d5580000,0x00000000df400000)
  from space 52224K, 4% used [0x00000000e3000000,0x00000000e3233a70,0x00000000e6300000)
  to   space 61440K, 0% used [0x00000000df400000,0x00000000df400000,0x00000000e3000000)
 ParOldGen       total 343040K, used 205118K [0x0000000080000000, 0x0000000094f00000, 0x00000000d5580000)
  object space 343040K, 59% used [0x0000000080000000,0x000000008c84fb60,0x0000000094f00000)
 Metaspace       used 73448K, capacity 75390K, committed 76248K, reserved 1116160K
  class space    used 9288K, capacity 9736K, committed 9944K, reserved 1048576K
}

