# JRE version: OpenJDK Runtime Environment (8.0_202-b03) (build 1.8.0_202-release-1483-b03)
# Java VM: OpenJDK 64-Bit Server VM (25.202-b03 mixed mode windows-amd64 compressed oops)
Heap:
 PSYoungGen      total 281088K, used 19883K [0x00000000d5580000, 0x00000000ea880000, 0x0000000100000000)
  eden space 215040K, 5% used [0x00000000d5580000,0x00000000d62172e0,0x00000000e2780000)
  from space 66048K, 10% used [0x00000000e2780000,0x00000000e2e53b28,0x00000000e6800000)
  to   space 62464K, 0% used [0x00000000e6b80000,0x00000000e6b80000,0x00000000ea880000)
 ParOldGen       total 305152K, used 134863K [0x0000000080000000, 0x0000000092a00000, 0x00000000d5580000)
  object space 305152K, 44% used [0x0000000080000000,0x00000000883b3e38,0x0000000092a00000)
 Metaspace       used 69369K, capacity 71394K, committed 72216K, reserved 1112064K
  class space    used 9078K, capacity 9569K, committed 9768K, reserved 1048576K
GC Heap History (10 events):
Event: 32.413 GC heap before
{Heap before GC invocations=22 (full 4):
 PSYoungGen      total 281088K, used 252305K [0x00000000d5580000, 0x00000000ea880000, 0x0000000100000000)
  eden space 215040K, 100% used [0x00000000d5580000,0x00000000e2780000,0x00000000e2780000)
  from space 66048K, 56% used [0x00000000e2780000,0x00000000e4be4508,0x00000000e6800000)
  to   space 62464K, 0% used [0x00000000e6b80000,0x00000000e6b80000,0x00000000ea880000)
 ParOldGen       total 305152K, used 118589K [0x0000000080000000, 0x0000000092a00000, 0x00000000d5580000)
  object space 305152K, 38% used [0x0000000080000000,0x00000000873cf530,0x0000000092a00000)
 Metaspace       used 65696K, capacity 67640K, committed 68504K, reserved 1107968K
  class space    used 8679K, capacity 9166K, committed 9384K, reserved 1048576K
Event: 32.524 GC heap after
Heap after GC invocations=22 (full 4):
 PSYoungGen      total 277504K, used 62445K [0x00000000d5580000, 0x00000000ea880000, 0x0000000100000000)
  eden space 215040K, 0% used [0x00000000d5580000,0x00000000d5580000,0x00000000e2780000)
  from space 62464K, 99% used [0x00000000e6b80000,0x00000000ea87b4e0,0x00000000ea880000)
  to   space 66048K, 0% used [0x00000000e2780000,0x00000000e2780000,0x00000000e6800000)
 ParOldGen       total 305152K, used 220577K [0x0000000080000000, 0x0000000092a00000, 0x00000000d5580000)
  object space 305152K, 72% used [0x0000000080000000,0x000000008d7686e0,0x0000000092a00000)
 Metaspace       used 65696K, capacity 67640K, committed 68504K, reserved 1107968K
  class space    used 8679K, capacity 9166K, committed 9384K, reserved 1048576K
}
Event: 34.898 GC heap before
{Heap before GC invocations=23 (full 4):
 PSYoungGen      total 277504K, used 277485K [0x00000000d5580000, 0x00000000ea880000, 0x0000000100000000)
  eden space 215040K, 100% used [0x00000000d5580000,0x00000000e2780000,0x00000000e2780000)
  from space 62464K, 99% used [0x00000000e6b80000,0x00000000ea87b4e0,0x00000000ea880000)
  to   space 66048K, 0% used [0x00000000e2780000,0x00000000e2780000,0x00000000e6800000)
 ParOldGen       total 305152K, used 220607K [0x0000000080000000, 0x0000000092a00000, 0x00000000d5580000)
  object space 305152K, 72% used [0x0000000080000000,0x000000008d76fc48,0x0000000092a00000)
 Metaspace       used 65910K, capacity 67896K, committed 68760K, reserved 1107968K
  class space    used 8682K, capacity 9166K, committed 9384K, reserved 1048576K
Event: 35.002 GC heap after
Heap after GC invocations=23 (full 4):
 PSYoungGen      total 281088K, used 66023K [0x00000000d5580000, 0x00000000ea880000, 0x0000000100000000)
  eden space 215040K, 0% used [0x00000000d5580000,0x00000000d5580000,0x00000000e2780000)
  from space 66048K, 99% used [0x00000000e2780000,0x00000000e67f9fa8,0x00000000e6800000)
  to   space 62464K, 0% used [0x00000000e6b80000,0x00000000e6b80000,0x00000000ea880000)
 ParOldGen       total 305152K, used 292520K [0x0000000080000000, 0x0000000092a00000, 0x00000000d5580000)
  object space 305152K, 95% used [0x0000000080000000,0x0000000091daa010,0x0000000092a00000)
 Metaspace       used 65910K, capacity 67896K, committed 68760K, reserved 1107968K
  class space    used 8682K, capacity 9166K, committed 9384K, reserved 1048576K
}
Event: 35.002 GC heap before
{Heap before GC invocations=24 (full 5):
 PSYoungGen      total 281088K, used 66023K [0x00000000d5580000, 0x00000000ea880000, 0x0000000100000000)
  eden space 215040K, 0% used [0x00000000d5580000,0x00000000d5580000,0x00000000e2780000)
  from space 66048K, 99% used [0x00000000e2780000,0x00000000e67f9fa8,0x00000000e6800000)
  to   space 62464K, 0% used [0x00000000e6b80000,0x00000000e6b80000,0x00000000ea880000)
 ParOldGen       total 305152K, used 292520K [0x0000000080000000, 0x0000000092a00000, 0x00000000d5580000)
  object space 305152K, 95% used [0x0000000080000000,0x0000000091daa010,0x0000000092a00000)
 Metaspace       used 65910K, capacity 67896K, committed 68760K, reserved 1107968K
  class space    used 8682K, capacity 9166K, committed 9384K, reserved 1048576K
Event: 35.278 GC heap after
Heap after GC invocations=24 (full 5):
 PSYoungGen      total 281088K, used 0K [0x00000000d5580000, 0x00000000ea880000, 0x0000000100000000)
  eden space 215040K, 0% used [0x00000000d5580000,0x00000000d5580000,0x00000000e2780000)
  from space 66048K, 0% used [0x00000000e2780000,0x00000000e2780000,0x00000000e6800000)
  to   space 62464K, 0% used [0x00000000e6b80000,0x00000000e6b80000,0x00000000ea880000)
 ParOldGen       total 305152K, used 134673K [0x0000000080000000, 0x0000000092a00000, 0x00000000d5580000)
  object space 305152K, 44% used [0x0000000080000000,0x0000000088384620,0x0000000092a00000)
 Metaspace       used 65910K, capacity 67896K, committed 68760K, reserved 1107968K
  class space    used 8682K, capacity 9166K, committed 9384K, reserved 1048576K
}
Event: 37.997 GC heap before
{Heap before GC invocations=25 (full 5):
 PSYoungGen      total 281088K, used 215040K [0x00000000d5580000, 0x00000000ea880000, 0x0000000100000000)
  eden space 215040K, 100% used [0x00000000d5580000,0x00000000e2780000,0x00000000e2780000)
  from space 66048K, 0% used [0x00000000e2780000,0x00000000e2780000,0x00000000e6800000)
  to   space 62464K, 0% used [0x00000000e6b80000,0x00000000e6b80000,0x00000000ea880000)
 ParOldGen       total 305152K, used 134847K [0x0000000080000000, 0x0000000092a00000, 0x00000000d5580000)
  object space 305152K, 44% used [0x0000000080000000,0x00000000883afe38,0x0000000092a00000)
 Metaspace       used 68279K, capacity 70282K, committed 71064K, reserved 1110016K
  class space    used 9003K, capacity 9491K, committed 9640K, reserved 1048576K
Event: 38.003 GC heap after
Heap after GC invocations=25 (full 5):
 PSYoungGen      total 277504K, used 2370K [0x00000000d5580000, 0x00000000ea880000, 0x0000000100000000)
  eden space 215040K, 0% used [0x00000000d5580000,0x00000000d5580000,0x00000000e2780000)
  from space 62464K, 3% used [0x00000000e6b80000,0x00000000e6dd09f0,0x00000000ea880000)
  to   space 66048K, 0% used [0x00000000e2780000,0x00000000e2780000,0x00000000e6800000)
 ParOldGen       total 305152K, used 134855K [0x0000000080000000, 0x0000000092a00000, 0x00000000d5580000)
  object space 305152K, 44% used [0x0000000080000000,0x00000000883b1e38,0x0000000092a00000)
 Metaspace       used 68279K, capacity 70282K, committed 71064K, reserved 1110016K
  class space    used 9003K, capacity 9491K, committed 9640K, reserved 1048576K
}
Event: 42.119 GC heap before
{Heap before GC invocations=26 (full 5):
 PSYoungGen      total 277504K, used 217410K [0x00000000d5580000, 0x00000000ea880000, 0x0000000100000000)
  eden space 215040K, 100% used [0x00000000d5580000,0x00000000e2780000,0x00000000e2780000)
  from space 62464K, 3% used [0x00000000e6b80000,0x00000000e6dd09f0,0x00000000ea880000)
  to   space 66048K, 0% used [0x00000000e2780000,0x00000000e2780000,0x00000000e6800000)
 ParOldGen       total 305152K, used 134855K [0x0000000080000000, 0x0000000092a00000, 0x00000000d5580000)
  object space 305152K, 44% used [0x0000000080000000,0x00000000883b1e38,0x0000000092a00000)
 Metaspace       used 69360K, capacity 71394K, committed 72216K, reserved 1112064K
  class space    used 9076K, capacity 9569K, committed 9768K, reserved 1048576K
Event: 42.133 GC heap after
Heap after GC invocations=26 (full 5):
 PSYoungGen      total 281088K, used 6990K [0x00000000d5580000, 0x00000000ea880000, 0x0000000100000000)
  eden space 215040K, 0% used [0x00000000d5580000,0x00000000d5580000,0x00000000e2780000)
  from space 66048K, 10% used [0x00000000e2780000,0x00000000e2e53b28,0x00000000e6800000)
  to   space 62464K, 0% used [0x00000000e6b80000,0x00000000e6b80000,0x00000000ea880000)
 ParOldGen       total 305152K, used 134863K [0x0000000080000000, 0x0000000092a00000, 0x00000000d5580000)
  object space 305152K, 44% used [0x0000000080000000,0x00000000883b3e38,0x0000000092a00000)
 Metaspace       used 69360K, capacity 71394K, committed 72216K, reserved 1112064K
  class space    used 9076K, capacity 9569K, committed 9768K, reserved 1048576K
}

