# JRE version: OpenJDK Runtime Environment (8.0_202-b03) (build 1.8.0_202-release-1483-b03)
# Java VM: OpenJDK 64-Bit Server VM (25.202-b03 mixed mode windows-amd64 compressed oops)
Heap:
 PSYoungGen      total 268800K, used 24203K [0x00000000d5580000, 0x00000000eaa80000, 0x0000000100000000)
  eden space 193024K, 9% used [0x00000000d5580000,0x00000000d67c4e00,0x00000000e1200000)
  from space 75776K, 7% used [0x00000000e1200000,0x00000000e175df70,0x00000000e5c00000)
  to   space 75264K, 0% used [0x00000000e6100000,0x00000000e6100000,0x00000000eaa80000)
 ParOldGen       total 169472K, used 81477K [0x0000000080000000, 0x000000008a580000, 0x00000000d5580000)
  object space 169472K, 48% used [0x0000000080000000,0x0000000084f91590,0x000000008a580000)
 Metaspace       used 81241K, capacity 84194K, committed 84824K, reserved 1122304K
  class space    used 10388K, capacity 10991K, committed 11136K, reserved 1048576K
GC Heap History (10 events):
Event: 110.884 GC heap before
{Heap before GC invocations=25 (full 8):
 PSYoungGen      total 218624K, used 187904K [0x00000000d5580000, 0x00000000ea000000, 0x0000000100000000)
  eden space 187904K, 100% used [0x00000000d5580000,0x00000000e0d00000,0x00000000e0d00000)
  from space 30720K, 0% used [0x00000000e0d00000,0x00000000e0d00000,0x00000000e2b00000)
  to   space 65536K, 0% used [0x00000000e6000000,0x00000000e6000000,0x00000000ea000000)
 ParOldGen       total 150016K, used 141988K [0x0000000080000000, 0x0000000089280000, 0x00000000d5580000)
  object space 150016K, 94% used [0x0000000080000000,0x0000000088aa9288,0x0000000089280000)
 Metaspace       used 76847K, capacity 79750K, committed 80600K, reserved 1120256K
  class space    used 9907K, capacity 10513K, committed 10752K, reserved 1048576K
Event: 111.253 GC heap after
Heap after GC invocations=25 (full 8):
 PSYoungGen      total 218624K, used 0K [0x00000000d5580000, 0x00000000ea000000, 0x0000000100000000)
  eden space 187904K, 0% used [0x00000000d5580000,0x00000000d5580000,0x00000000e0d00000)
  from space 30720K, 0% used [0x00000000e0d00000,0x00000000e0d00000,0x00000000e2b00000)
  to   space 65536K, 0% used [0x00000000e6000000,0x00000000e6000000,0x00000000ea000000)
 ParOldGen       total 150016K, used 106261K [0x0000000080000000, 0x0000000089280000, 0x00000000d5580000)
  object space 150016K, 70% used [0x0000000080000000,0x00000000867c56c0,0x0000000089280000)
 Metaspace       used 76847K, capacity 79750K, committed 80600K, reserved 1120256K
  class space    used 9907K, capacity 10513K, committed 10752K, reserved 1048576K
}
Event: 113.451 GC heap before
{Heap before GC invocations=26 (full 8):
 PSYoungGen      total 218624K, used 187904K [0x00000000d5580000, 0x00000000ea000000, 0x0000000100000000)
  eden space 187904K, 100% used [0x00000000d5580000,0x00000000e0d00000,0x00000000e0d00000)
  from space 30720K, 0% used [0x00000000e0d00000,0x00000000e0d00000,0x00000000e2b00000)
  to   space 65536K, 0% used [0x00000000e6000000,0x00000000e6000000,0x00000000ea000000)
 ParOldGen       total 150016K, used 110053K [0x0000000080000000, 0x0000000089280000, 0x00000000d5580000)
  object space 150016K, 73% used [0x0000000080000000,0x0000000086b794d0,0x0000000089280000)
 Metaspace       used 76926K, capacity 79814K, committed 80856K, reserved 1120256K
  class space    used 9907K, capacity 10513K, committed 10752K, reserved 1048576K
Event: 113.490 GC heap after
Heap after GC invocations=26 (full 8):
 PSYoungGen      total 258560K, used 63498K [0x00000000d5580000, 0x00000000ea600000, 0x0000000100000000)
  eden space 193024K, 0% used [0x00000000d5580000,0x00000000d5580000,0x00000000e1200000)
  from space 65536K, 96% used [0x00000000e6000000,0x00000000e9e02a20,0x00000000ea000000)
  to   space 75776K, 0% used [0x00000000e1200000,0x00000000e1200000,0x00000000e5c00000)
 ParOldGen       total 169472K, used 161261K [0x0000000080000000, 0x000000008a580000, 0x00000000d5580000)
  object space 169472K, 95% used [0x0000000080000000,0x0000000089d7b510,0x000000008a580000)
 Metaspace       used 76926K, capacity 79814K, committed 80856K, reserved 1120256K
  class space    used 9907K, capacity 10513K, committed 10752K, reserved 1048576K
}
Event: 113.490 GC heap before
{Heap before GC invocations=27 (full 9):
 PSYoungGen      total 258560K, used 63498K [0x00000000d5580000, 0x00000000ea600000, 0x0000000100000000)
  eden space 193024K, 0% used [0x00000000d5580000,0x00000000d5580000,0x00000000e1200000)
  from space 65536K, 96% used [0x00000000e6000000,0x00000000e9e02a20,0x00000000ea000000)
  to   space 75776K, 0% used [0x00000000e1200000,0x00000000e1200000,0x00000000e5c00000)
 ParOldGen       total 169472K, used 161261K [0x0000000080000000, 0x000000008a580000, 0x00000000d5580000)
  object space 169472K, 95% used [0x0000000080000000,0x0000000089d7b510,0x000000008a580000)
 Metaspace       used 76926K, capacity 79814K, committed 80856K, reserved 1120256K
  class space    used 9907K, capacity 10513K, committed 10752K, reserved 1048576K
Event: 113.684 GC heap after
Heap after GC invocations=27 (full 9):
 PSYoungGen      total 258560K, used 0K [0x00000000d5580000, 0x00000000ea600000, 0x0000000100000000)
  eden space 193024K, 0% used [0x00000000d5580000,0x00000000d5580000,0x00000000e1200000)
  from space 65536K, 0% used [0x00000000e6000000,0x00000000e6000000,0x00000000ea000000)
  to   space 75776K, 0% used [0x00000000e1200000,0x00000000e1200000,0x00000000e5c00000)
 ParOldGen       total 169472K, used 131060K [0x0000000080000000, 0x000000008a580000, 0x00000000d5580000)
  object space 169472K, 77% used [0x0000000080000000,0x0000000087ffd050,0x000000008a580000)
 Metaspace       used 76926K, capacity 79814K, committed 80856K, reserved 1120256K
  class space    used 9907K, capacity 10513K, committed 10752K, reserved 1048576K
}
Event: 116.465 GC heap before
{Heap before GC invocations=28 (full 10):
 PSYoungGen      total 258560K, used 193024K [0x00000000d5580000, 0x00000000ea600000, 0x0000000100000000)
  eden space 193024K, 100% used [0x00000000d5580000,0x00000000e1200000,0x00000000e1200000)
  from space 65536K, 0% used [0x00000000e6000000,0x00000000e6000000,0x00000000ea000000)
  to   space 75776K, 0% used [0x00000000e1200000,0x00000000e1200000,0x00000000e5c00000)
 ParOldGen       total 169472K, used 131065K [0x0000000080000000, 0x000000008a580000, 0x00000000d5580000)
  object space 169472K, 77% used [0x0000000080000000,0x0000000087ffe6e8,0x000000008a580000)
 Metaspace       used 79860K, capacity 82754K, committed 83672K, reserved 1122304K
  class space    used 10250K, capacity 10871K, committed 11008K, reserved 1048576K
Event: 116.664 GC heap after
Heap after GC invocations=28 (full 10):
 PSYoungGen      total 258560K, used 0K [0x00000000d5580000, 0x00000000ea600000, 0x0000000100000000)
  eden space 193024K, 0% used [0x00000000d5580000,0x00000000d5580000,0x00000000e1200000)
  from space 65536K, 0% used [0x00000000e6000000,0x00000000e6000000,0x00000000ea000000)
  to   space 75776K, 0% used [0x00000000e1200000,0x00000000e1200000,0x00000000e5c00000)
 ParOldGen       total 169472K, used 81469K [0x0000000080000000, 0x000000008a580000, 0x00000000d5580000)
  object space 169472K, 48% used [0x0000000080000000,0x0000000084f8f590,0x000000008a580000)
 Metaspace       used 79860K, capacity 82754K, committed 83672K, reserved 1122304K
  class space    used 10250K, capacity 10871K, committed 11008K, reserved 1048576K
}
Event: 133.642 GC heap before
{Heap before GC invocations=29 (full 10):
 PSYoungGen      total 258560K, used 193024K [0x00000000d5580000, 0x00000000ea600000, 0x0000000100000000)
  eden space 193024K, 100% used [0x00000000d5580000,0x00000000e1200000,0x00000000e1200000)
  from space 65536K, 0% used [0x00000000e6000000,0x00000000e6000000,0x00000000ea000000)
  to   space 75776K, 0% used [0x00000000e1200000,0x00000000e1200000,0x00000000e5c00000)
 ParOldGen       total 169472K, used 81469K [0x0000000080000000, 0x000000008a580000, 0x00000000d5580000)
  object space 169472K, 48% used [0x0000000080000000,0x0000000084f8f590,0x000000008a580000)
 Metaspace       used 80929K, capacity 83842K, committed 84568K, reserved 1122304K
  class space    used 10360K, capacity 10959K, committed 11136K, reserved 1048576K
Event: 133.658 GC heap after
Heap after GC invocations=29 (full 10):
 PSYoungGen      total 268800K, used 5495K [0x00000000d5580000, 0x00000000eaa80000, 0x0000000100000000)
  eden space 193024K, 0% used [0x00000000d5580000,0x00000000d5580000,0x00000000e1200000)
  from space 75776K, 7% used [0x00000000e1200000,0x00000000e175df70,0x00000000e5c00000)
  to   space 75264K, 0% used [0x00000000e6100000,0x00000000e6100000,0x00000000eaa80000)
 ParOldGen       total 169472K, used 81477K [0x0000000080000000, 0x000000008a580000, 0x00000000d5580000)
  object space 169472K, 48% used [0x0000000080000000,0x0000000084f91590,0x000000008a580000)
 Metaspace       used 80929K, capacity 83842K, committed 84568K, reserved 1122304K
  class space    used 10360K, capacity 10959K, committed 11136K, reserved 1048576K
}

