# JRE version: OpenJDK Runtime Environment (8.0_202-b03) (build 1.8.0_202-release-1483-b03)
# Java VM: OpenJDK 64-Bit Server VM (25.202-b03 mixed mode windows-amd64 compressed oops)
Heap:
 PSYoungGen      total 265216K, used 90557K [0x00000000d5580000, 0x00000000e9780000, 0x0000000100000000)
  eden space 208896K, 41% used [0x00000000d5580000,0x00000000daa377c8,0x00000000e2180000)
  from space 56320K, 6% used [0x00000000e2180000,0x00000000e2537e30,0x00000000e5880000)
  to   space 56320K, 0% used [0x00000000e5880000,0x00000000e5880000,0x00000000e8f80000)
 ParOldGen       total 302080K, used 120993K [0x0000000080000000, 0x0000000092700000, 0x00000000d5580000)
  object space 302080K, 40% used [0x0000000080000000,0x00000000876287a8,0x0000000092700000)
 Metaspace       used 69611K, capacity 71684K, committed 72232K, reserved 1112064K
  class space    used 9123K, capacity 9590K, committed 9768K, reserved 1048576K
GC Heap History (10 events):
Event: 34.190 GC heap before
{Heap before GC invocations=22 (full 4):
 PSYoungGen      total 265216K, used 251345K [0x00000000d5580000, 0x00000000e9780000, 0x0000000100000000)
  eden space 208896K, 100% used [0x00000000d5580000,0x00000000e2180000,0x00000000e2180000)
  from space 56320K, 75% used [0x00000000e2180000,0x00000000e4af44f8,0x00000000e5880000)
  to   space 56320K, 0% used [0x00000000e5880000,0x00000000e5880000,0x00000000e8f80000)
 ParOldGen       total 302080K, used 136108K [0x0000000080000000, 0x0000000092700000, 0x00000000d5580000)
  object space 302080K, 45% used [0x0000000080000000,0x00000000884eb1b0,0x0000000092700000)
 Metaspace       used 65776K, capacity 67750K, committed 68520K, reserved 1107968K
  class space    used 8707K, capacity 9175K, committed 9384K, reserved 1048576K
Event: 34.229 GC heap after
Heap after GC invocations=22 (full 4):
 PSYoungGen      total 265216K, used 56309K [0x00000000d5580000, 0x00000000e9780000, 0x0000000100000000)
  eden space 208896K, 0% used [0x00000000d5580000,0x00000000d5580000,0x00000000e2180000)
  from space 56320K, 99% used [0x00000000e5880000,0x00000000e8f7d630,0x00000000e8f80000)
  to   space 56320K, 0% used [0x00000000e2180000,0x00000000e2180000,0x00000000e5880000)
 ParOldGen       total 302080K, used 141435K [0x0000000080000000, 0x0000000092700000, 0x00000000d5580000)
  object space 302080K, 46% used [0x0000000080000000,0x0000000088a1ecf8,0x0000000092700000)
 Metaspace       used 65776K, capacity 67750K, committed 68520K, reserved 1107968K
  class space    used 8707K, capacity 9175K, committed 9384K, reserved 1048576K
}
Event: 36.682 GC heap before
{Heap before GC invocations=23 (full 4):
 PSYoungGen      total 265216K, used 265205K [0x00000000d5580000, 0x00000000e9780000, 0x0000000100000000)
  eden space 208896K, 100% used [0x00000000d5580000,0x00000000e2180000,0x00000000e2180000)
  from space 56320K, 99% used [0x00000000e5880000,0x00000000e8f7d630,0x00000000e8f80000)
  to   space 56320K, 0% used [0x00000000e2180000,0x00000000e2180000,0x00000000e5880000)
 ParOldGen       total 302080K, used 142508K [0x0000000080000000, 0x0000000092700000, 0x00000000d5580000)
  object space 302080K, 47% used [0x0000000080000000,0x0000000088b2b1d0,0x0000000092700000)
 Metaspace       used 66082K, capacity 68006K, committed 68776K, reserved 1107968K
  class space    used 8720K, capacity 9175K, committed 9384K, reserved 1048576K
Event: 36.755 GC heap after
Heap after GC invocations=23 (full 4):
 PSYoungGen      total 265216K, used 44675K [0x00000000d5580000, 0x00000000e9780000, 0x0000000100000000)
  eden space 208896K, 0% used [0x00000000d5580000,0x00000000d5580000,0x00000000e2180000)
  from space 56320K, 79% used [0x00000000e2180000,0x00000000e4d20e08,0x00000000e5880000)
  to   space 56320K, 0% used [0x00000000e5880000,0x00000000e5880000,0x00000000e8f80000)
 ParOldGen       total 302080K, used 216143K [0x0000000080000000, 0x0000000092700000, 0x00000000d5580000)
  object space 302080K, 71% used [0x0000000080000000,0x000000008d313f10,0x0000000092700000)
 Metaspace       used 66082K, capacity 68006K, committed 68776K, reserved 1107968K
  class space    used 8720K, capacity 9175K, committed 9384K, reserved 1048576K
}
Event: 38.791 GC heap before
{Heap before GC invocations=24 (full 4):
 PSYoungGen      total 265216K, used 253571K [0x00000000d5580000, 0x00000000e9780000, 0x0000000100000000)
  eden space 208896K, 100% used [0x00000000d5580000,0x00000000e2180000,0x00000000e2180000)
  from space 56320K, 79% used [0x00000000e2180000,0x00000000e4d20e08,0x00000000e5880000)
  to   space 56320K, 0% used [0x00000000e5880000,0x00000000e5880000,0x00000000e8f80000)
 ParOldGen       total 302080K, used 216218K [0x0000000080000000, 0x0000000092700000, 0x00000000d5580000)
  object space 302080K, 71% used [0x0000000080000000,0x000000008d326818,0x0000000092700000)
 Metaspace       used 66170K, capacity 68070K, committed 68776K, reserved 1107968K
  class space    used 8722K, capacity 9175K, committed 9384K, reserved 1048576K
Event: 38.880 GC heap after
Heap after GC invocations=24 (full 4):
 PSYoungGen      total 265216K, used 52858K [0x00000000d5580000, 0x00000000e9780000, 0x0000000100000000)
  eden space 208896K, 0% used [0x00000000d5580000,0x00000000d5580000,0x00000000e2180000)
  from space 56320K, 93% used [0x00000000e5880000,0x00000000e8c1e960,0x00000000e8f80000)
  to   space 56320K, 0% used [0x00000000e2180000,0x00000000e2180000,0x00000000e5880000)
 ParOldGen       total 302080K, used 271124K [0x0000000080000000, 0x0000000092700000, 0x00000000d5580000)
  object space 302080K, 89% used [0x0000000080000000,0x00000000908c5110,0x0000000092700000)
 Metaspace       used 66170K, capacity 68070K, committed 68776K, reserved 1107968K
  class space    used 8722K, capacity 9175K, committed 9384K, reserved 1048576K
}
Event: 38.880 GC heap before
{Heap before GC invocations=25 (full 5):
 PSYoungGen      total 265216K, used 52858K [0x00000000d5580000, 0x00000000e9780000, 0x0000000100000000)
  eden space 208896K, 0% used [0x00000000d5580000,0x00000000d5580000,0x00000000e2180000)
  from space 56320K, 93% used [0x00000000e5880000,0x00000000e8c1e960,0x00000000e8f80000)
  to   space 56320K, 0% used [0x00000000e2180000,0x00000000e2180000,0x00000000e5880000)
 ParOldGen       total 302080K, used 271124K [0x0000000080000000, 0x0000000092700000, 0x00000000d5580000)
  object space 302080K, 89% used [0x0000000080000000,0x00000000908c5110,0x0000000092700000)
 Metaspace       used 66170K, capacity 68070K, committed 68776K, reserved 1107968K
  class space    used 8722K, capacity 9175K, committed 9384K, reserved 1048576K
Event: 39.195 GC heap after
Heap after GC invocations=25 (full 5):
 PSYoungGen      total 265216K, used 0K [0x00000000d5580000, 0x00000000e9780000, 0x0000000100000000)
  eden space 208896K, 0% used [0x00000000d5580000,0x00000000d5580000,0x00000000e2180000)
  from space 56320K, 0% used [0x00000000e5880000,0x00000000e5880000,0x00000000e8f80000)
  to   space 56320K, 0% used [0x00000000e2180000,0x00000000e2180000,0x00000000e5880000)
 ParOldGen       total 302080K, used 120789K [0x0000000080000000, 0x0000000092700000, 0x00000000d5580000)
  object space 302080K, 39% used [0x0000000080000000,0x00000000875f5670,0x0000000092700000)
 Metaspace       used 66170K, capacity 68070K, committed 68776K, reserved 1107968K
  class space    used 8722K, capacity 9175K, committed 9384K, reserved 1048576K
}
Event: 42.076 GC heap before
{Heap before GC invocations=26 (full 5):
 PSYoungGen      total 265216K, used 208896K [0x00000000d5580000, 0x00000000e9780000, 0x0000000100000000)
  eden space 208896K, 100% used [0x00000000d5580000,0x00000000e2180000,0x00000000e2180000)
  from space 56320K, 0% used [0x00000000e5880000,0x00000000e5880000,0x00000000e8f80000)
  to   space 56320K, 0% used [0x00000000e2180000,0x00000000e2180000,0x00000000e5880000)
 ParOldGen       total 302080K, used 120902K [0x0000000080000000, 0x0000000092700000, 0x00000000d5580000)
  object space 302080K, 40% used [0x0000000080000000,0x0000000087611b98,0x0000000092700000)
 Metaspace       used 69109K, capacity 71070K, committed 71592K, reserved 1112064K
  class space    used 9065K, capacity 9533K, committed 9640K, reserved 1048576K
Event: 42.085 GC heap after
Heap after GC invocations=26 (full 5):
 PSYoungGen      total 265216K, used 3807K [0x00000000d5580000, 0x00000000e9780000, 0x0000000100000000)
  eden space 208896K, 0% used [0x00000000d5580000,0x00000000d5580000,0x00000000e2180000)
  from space 56320K, 6% used [0x00000000e2180000,0x00000000e2537e30,0x00000000e5880000)
  to   space 56320K, 0% used [0x00000000e5880000,0x00000000e5880000,0x00000000e8f80000)
 ParOldGen       total 302080K, used 120993K [0x0000000080000000, 0x0000000092700000, 0x00000000d5580000)
  object space 302080K, 40% used [0x0000000080000000,0x00000000876287a8,0x0000000092700000)
 Metaspace       used 69109K, capacity 71070K, committed 71592K, reserved 1112064K
  class space    used 9065K, capacity 9533K, committed 9640K, reserved 1048576K
}

